<?xml version="1.0" encoding="UTF-8"?>
<!-- Generated by org.testng.reporters.JUnitXMLReporter -->
<testsuite ignored="2" hostname="LAPTOP-00LJ2F6F" failures="0" tests="2" name="Test" time="0.047" errors="0" timestamp="2022-03-09T17:25:14 IST">
  <testcase classname="test.HomePageTest" name="test3" time="0.005"/>
  <testcase classname="test2.CheckoutTest" name="test4" time="0.001"/>
  <testcase classname="test.AnnotationExample" name="test2" time="0.0">
    <ignored/>
  </testcase> <!-- test2 -->
  <testcase classname="test.AnnotationExample" name="test1" time="0.0">
    <ignored/>
  </testcase> <!-- test1 -->
</testsuite> <!-- Test -->
