<?xml version="1.0" encoding="UTF-8"?>
<!-- Generated by org.testng.reporters.JUnitXMLReporter -->
<testsuite ignored="1" hostname="LAPTOP-00LJ2F6F" failures="0" tests="3" name="Test" time="0.074" errors="0" timestamp="2022-03-09T21:22:48 IST">
  <testcase classname="test.AnnotationExample" name="test1" time="0.006"/>
  <testcase classname="test.AnnotationExample" name="test2" time="0.002"/>
  <testcase classname="test2.CheckoutTest" name="test4" time="0.001"/>
  <testcase classname="test.HomePageTest" name="test3" time="0.0">
    <ignored/>
  </testcase> <!-- test3 -->
</testsuite> <!-- Test -->
