<?xml version="1.0" encoding="UTF-8"?>
<testng-results ignored="0" total="3" passed="3" failed="0" skipped="0">
  <reporter-output>
  </reporter-output>
  <suite started-at="2022-03-09T22:02:59 IST" name="Default suite" finished-at="2022-03-09T22:02:59 IST" duration-ms="73">
    <groups>
    </groups>
    <test started-at="2022-03-09T22:02:59 IST" name="Default test" finished-at="2022-03-09T22:02:59 IST" duration-ms="73">
      <class name="test.HomePageTest">
        <test-method signature="test6()[pri:0, instance:test.HomePageTest@152aa092]" started-at="2022-03-09T22:02:59 IST" name="test6" finished-at="2022-03-09T22:02:59 IST" duration-ms="11" status="PASS">
          <reporter-output>
          </reporter-output>
        </test-method> <!-- test6 -->
        <test-method signature="test7()[pri:0, instance:test.HomePageTest@152aa092]" started-at="2022-03-09T22:02:59 IST" name="test7" finished-at="2022-03-09T22:02:59 IST" duration-ms="1" status="PASS">
          <reporter-output>
          </reporter-output>
        </test-method> <!-- test7 -->
        <test-method signature="test3()[pri:0, instance:test.HomePageTest@152aa092]" started-at="2022-03-09T22:02:59 IST" name="test3" finished-at="2022-03-09T22:02:59 IST" depends-on-methods="test.HomePageTest.test6, test.HomePageTest.test7" duration-ms="1" status="PASS">
          <reporter-output>
          </reporter-output>
        </test-method> <!-- test3 -->
      </class> <!-- test.HomePageTest -->
    </test> <!-- Default test -->
  </suite> <!-- Default suite -->
</testng-results>
